request: OPTIONS, URL: /v1/channel?id=01H877VMG24R5QPG4ZTBBCQBKY, Query: map[id:[01H877VMG24R5QPG4ZTBBCQBKY]]
request: GET, URL: /v1/channel?id=01H877VMG24R5QPG4ZTBBCQBKY, Query: map[id:[01H877VMG24R5QPG4ZTBBCQBKY]]
request: OPTIONS, URL: /v1/channel?id=01H87839RPVCVRBR7987TVFKQC, Query: map[id:[01H87839RPVCVRBR7987TVFKQC]]
request: GET, URL: /v1/channel?id=01H87839RPVCVRBR7987TVFKQC, Query: map[id:[01H87839RPVCVRBR7987TVFKQC]]
request: OPTIONS, URL: /v1/message?id=01H8785GQ58NEBW4SR62Q55ZWF, Query: map[id:[01H8785GQ58NEBW4SR62Q55ZWF]]
request: GET, URL: /v1/message?id=01H8785GQ58NEBW4SR62Q55ZWF, Query: map[id:[01H8785GQ58NEBW4SR62Q55ZWF]]
request: OPTIONS, URL: /v1/channel?id=01H877VMG24R5QPG4ZTBBCQBKY, Query: map[id:[01H877VMG24R5QPG4ZTBBCQBKY]]
request: GET, URL: /v1/channel?id=01H877VMG24R5QPG4ZTBBCQBKY, Query: map[id:[01H877VMG24R5QPG4ZTBBCQBKY]]
request: OPTIONS, URL: /v1/message?id=01H878NW4D71FT2XZ1YSCHGZSV, Query: map[id:[01H878NW4D71FT2XZ1YSCHGZSV]]
request: GET, URL: /v1/message?id=01H878NW4D71FT2XZ1YSCHGZSV, Query: map[id:[01H878NW4D71FT2XZ1YSCHGZSV]]
request: OPTIONS, URL: /v1/reply, Query: map[]
request: POST, URL: /v1/reply, Query: map[]
{{ 幅 画像の幅は自由に変更できます。 2023-08-20 02:33:53 Wx00IcltW0ZMyfYZPwS6ZP0hOGv1   01H878NW4D71FT2XZ1YSCHGZSV false false}} [MMXuONgPTRPMBUBNgWgTLlWMB943 Wx00IcltW0ZMyfYZPwS6ZP0hOGv1]

request: OPTIONS, URL: /v1/message?id=01H878NW4D71FT2XZ1YSCHGZSV, Query: map[id:[01H878NW4D71FT2XZ1YSCHGZSV]]
request: GET, URL: /v1/message?id=01H878NW4D71FT2XZ1YSCHGZSV, Query: map[id:[01H878NW4D71FT2XZ1YSCHGZSV]]
request: OPTIONS, URL: /v1/user?id=MMXuONgPTRPMBUBNgWgTLlWMB943, Query: map[id:[MMXuONgPTRPMBUBNgWgTLlWMB943]]
request: OPTIONS, URL: /v1/join, Query: map[]
request: GET, URL: /v1/join, Query: map[]
request: GET, URL: /v1/user?id=MMXuONgPTRPMBUBNgWgTLlWMB943, Query: map[id:[MMXuONgPTRPMBUBNgWgTLlWMB943]]
request: OPTIONS, URL: /v1/workspace?id=01H877TY5B2AJTQ64T837P6VBQ, Query: map[id:[01H877TY5B2AJTQ64T837P6VBQ]]
request: GET, URL: /v1/workspace?id=01H877TY5B2AJTQ64T837P6VBQ, Query: map[id:[01H877TY5B2AJTQ64T837P6VBQ]]
request: OPTIONS, URL: /v1/channel?id=01H87839RPVCVRBR7987TVFKQC, Query: map[id:[01H87839RPVCVRBR7987TVFKQC]]
request: GET, URL: /v1/channel?id=01H87839RPVCVRBR7987TVFKQC, Query: map[id:[01H87839RPVCVRBR7987TVFKQC]]
request: OPTIONS, URL: /v1/channel?id=01H877VMG24R5QPG4ZTBBCQBKY, Query: map[id:[01H877VMG24R5QPG4ZTBBCQBKY]]
request: GET, URL: /v1/channel?id=01H877VMG24R5QPG4ZTBBCQBKY, Query: map[id:[01H877VMG24R5QPG4ZTBBCQBKY]]
request: GET, URL: /v1/channel?id=01H87839RPVCVRBR7987TVFKQC, Query: map[id:[01H87839RPVCVRBR7987TVFKQC]]
request: GET, URL: /v1/channel?id=01H877VMG24R5QPG4ZTBBCQBKY, Query: map[id:[01H877VMG24R5QPG4ZTBBCQBKY]]
request: GET, URL: /v1/channel?id=01H87839RPVCVRBR7987TVFKQC, Query: map[id:[01H87839RPVCVRBR7987TVFKQC]]
request: OPTIONS, URL: /v1/workspace, Query: map[]
request: POST, URL: /v1/workspace, Query: map[]
request: OPTIONS, URL: /v1/user?id=MMXuONgPTRPMBUBNgWgTLlWMB943, Query: map[id:[MMXuONgPTRPMBUBNgWgTLlWMB943]]
request: GET, URL: /v1/user?id=MMXuONgPTRPMBUBNgWgTLlWMB943, Query: map[id:[MMXuONgPTRPMBUBNgWgTLlWMB943]]
request: OPTIONS, URL: /v1/workspace?id=01H8B3R70WFFPV6S944MQQPGX9, Query: map[id:[01H8B3R70WFFPV6S944MQQPGX9]]
request: GET, URL: /v1/workspace?id=01H8B3R70WFFPV6S944MQQPGX9, Query: map[id:[01H8B3R70WFFPV6S944MQQPGX9]]
request: OPTIONS, URL: /v1/channel, Query: map[]
request: POST, URL: /v1/channel, Query: map[]
request: OPTIONS, URL: /v1/user?id=MMXuONgPTRPMBUBNgWgTLlWMB943, Query: map[id:[MMXuONgPTRPMBUBNgWgTLlWMB943]]
request: GET, URL: /v1/user?id=MMXuONgPTRPMBUBNgWgTLlWMB943, Query: map[id:[MMXuONgPTRPMBUBNgWgTLlWMB943]]
request: OPTIONS, URL: /v1/channel?id=01H8B3RTN1QCPM093CP6SV6CKM, Query: map[id:[01H8B3RTN1QCPM093CP6SV6CKM]]
request: GET, URL: /v1/channel?id=01H8B3RTN1QCPM093CP6SV6CKM, Query: map[id:[01H8B3RTN1QCPM093CP6SV6CKM]]
request: OPTIONS, URL: /v1/message, Query: map[]
request: POST, URL: /v1/message, Query: map[]

request: OPTIONS, URL: /v1/channel?id=01H8B3RTN1QCPM093CP6SV6CKM, Query: map[id:[01H8B3RTN1QCPM093CP6SV6CKM]]
request: GET, URL: /v1/channel?id=01H8B3RTN1QCPM093CP6SV6CKM, Query: map[id:[01H8B3RTN1QCPM093CP6SV6CKM]]
request: OPTIONS, URL: /v1/workspace?id=01H877TY5B2AJTQ64T837P6VBQ, Query: map[id:[01H877TY5B2AJTQ64T837P6VBQ]]
request: GET, URL: /v1/workspace?id=01H877TY5B2AJTQ64T837P6VBQ, Query: map[id:[01H877TY5B2AJTQ64T837P6VBQ]]
request: OPTIONS, URL: /v1/channel?id=01H877VMG24R5QPG4ZTBBCQBKY, Query: map[id:[01H877VMG24R5QPG4ZTBBCQBKY]]
request: GET, URL: /v1/channel?id=01H877VMG24R5QPG4ZTBBCQBKY, Query: map[id:[01H877VMG24R5QPG4ZTBBCQBKY]]
request: OPTIONS, URL: /v1/channel?id=01H87839RPVCVRBR7987TVFKQC, Query: map[id:[01H87839RPVCVRBR7987TVFKQC]]
request: GET, URL: /v1/channel?id=01H87839RPVCVRBR7987TVFKQC, Query: map[id:[01H87839RPVCVRBR7987TVFKQC]]
request: GET, URL: /v1/channel?id=01H877VMG24R5QPG4ZTBBCQBKY, Query: map[id:[01H877VMG24R5QPG4ZTBBCQBKY]]
request: GET, URL: /v1/channel?id=01H87839RPVCVRBR7987TVFKQC, Query: map[id:[01H87839RPVCVRBR7987TVFKQC]]
request: OPTIONS, URL: /v1/message?id=01H87849X2MVGQGTNNH7Q61R63, Query: map[id:[01H87849X2MVGQGTNNH7Q61R63]]
request: GET, URL: /v1/message?id=01H87849X2MVGQGTNNH7Q61R63, Query: map[id:[01H87849X2MVGQGTNNH7Q61R63]]
request: OPTIONS, URL: /v1/message?id=01H8785GQ58NEBW4SR62Q55ZWF, Query: map[id:[01H8785GQ58NEBW4SR62Q55ZWF]]
request: GET, URL: /v1/message?id=01H8785GQ58NEBW4SR62Q55ZWF, Query: map[id:[01H8785GQ58NEBW4SR62Q55ZWF]]
request: OPTIONS, URL: /v1/join, Query: map[]
request: GET, URL: /v1/join, Query: map[]
request: OPTIONS, URL: /v1/user?id=MMXuONgPTRPMBUBNgWgTLlWMB943, Query: map[id:[MMXuONgPTRPMBUBNgWgTLlWMB943]]
request: GET, URL: /v1/user?id=MMXuONgPTRPMBUBNgWgTLlWMB943, Query: map[id:[MMXuONgPTRPMBUBNgWgTLlWMB943]]
request: OPTIONS, URL: /v1/workspace?id=01H877TY5B2AJTQ64T837P6VBQ, Query: map[id:[01H877TY5B2AJTQ64T837P6VBQ]]
request: GET, URL: /v1/workspace?id=01H877TY5B2AJTQ64T837P6VBQ, Query: map[id:[01H877TY5B2AJTQ64T837P6VBQ]]
request: OPTIONS, URL: /v1/channel?id=01H877VMG24R5QPG4ZTBBCQBKY, Query: map[id:[01H877VMG24R5QPG4ZTBBCQBKY]]
request: GET, URL: /v1/channel?id=01H877VMG24R5QPG4ZTBBCQBKY, Query: map[id:[01H877VMG24R5QPG4ZTBBCQBKY]]
request: OPTIONS, URL: /v1/channel?id=01H877VMG24R5QPG4ZTBBCQBKY, Query: map[id:[01H877VMG24R5QPG4ZTBBCQBKY]]
request: GET, URL: /v1/channel?id=01H877VMG24R5QPG4ZTBBCQBKY, Query: map[id:[01H877VMG24R5QPG4ZTBBCQBKY]]
request: OPTIONS, URL: /v1/join, Query: map[]
request: GET, URL: /v1/join, Query: map[]
request: OPTIONS, URL: /v1/workspace?id=01H877TY5B2AJTQ64T837P6VBQ, Query: map[id:[01H877TY5B2AJTQ64T837P6VBQ]]
request: OPTIONS, URL: /v1/channel?id=01H877VMG24R5QPG4ZTBBCQBKY, Query: map[id:[01H877VMG24R5QPG4ZTBBCQBKY]]
request: GET, URL: /v1/workspace?id=01H877TY5B2AJTQ64T837P6VBQ, Query: map[id:[01H877TY5B2AJTQ64T837P6VBQ]]
request: GET, URL: /v1/channel?id=01H877VMG24R5QPG4ZTBBCQBKY, Query: map[id:[01H877VMG24R5QPG4ZTBBCQBKY]]
request: GET, URL: /v1/workspace?id=01H877TY5B2AJTQ64T837P6VBQ, Query: map[id:[01H877TY5B2AJTQ64T837P6VBQ]]
request: OPTIONS, URL: /v1/user?id=MMXuONgPTRPMBUBNgWgTLlWMB943, Query: map[id:[MMXuONgPTRPMBUBNgWgTLlWMB943]]
request: GET, URL: /v1/user?id=MMXuONgPTRPMBUBNgWgTLlWMB943, Query: map[id:[MMXuONgPTRPMBUBNgWgTLlWMB943]]
request: OPTIONS, URL: /v1/message?id=01H877YZD6X4RNK8CZF52W6EYN, Query: map[id:[01H877YZD6X4RNK8CZF52W6EYN]]
request: GET, URL: /v1/message?id=01H877YZD6X4RNK8CZF52W6EYN, Query: map[id:[01H877YZD6X4RNK8CZF52W6EYN]]
request: OPTIONS, URL: /v1/message?id=01H8781XNDBWFNE83HDM272CK6, Query: map[id:[01H8781XNDBWFNE83HDM272CK6]]
request: GET, URL: /v1/message?id=01H8781XNDBWFNE83HDM272CK6, Query: map[id:[01H8781XNDBWFNE83HDM272CK6]]
request: OPTIONS, URL: /v1/join, Query: map[]
request: GET, URL: /v1/join, Query: map[]
request: OPTIONS, URL: /v1/channel?id=01H877VMG24R5QPG4ZTBBCQBKY, Query: map[id:[01H877VMG24R5QPG4ZTBBCQBKY]]
request: OPTIONS, URL: /v1/workspace?id=01H877TY5B2AJTQ64T837P6VBQ, Query: map[id:[01H877TY5B2AJTQ64T837P6VBQ]]
request: GET, URL: /v1/channel?id=01H877VMG24R5QPG4ZTBBCQBKY, Query: map[id:[01H877VMG24R5QPG4ZTBBCQBKY]]
request: GET, URL: /v1/workspace?id=01H877TY5B2AJTQ64T837P6VBQ, Query: map[id:[01H877TY5B2AJTQ64T837P6VBQ]]
request: OPTIONS, URL: /v1/user?id=MMXuONgPTRPMBUBNgWgTLlWMB943, Query: map[id:[MMXuONgPTRPMBUBNgWgTLlWMB943]]
request: GET, URL: /v1/workspace?id=01H877TY5B2AJTQ64T837P6VBQ, Query: map[id:[01H877TY5B2AJTQ64T837P6VBQ]]
request: GET, URL: /v1/user?id=MMXuONgPTRPMBUBNgWgTLlWMB943, Query: map[id:[MMXuONgPTRPMBUBNgWgTLlWMB943]]
request: OPTIONS, URL: /v1/channel?id=01H87839RPVCVRBR7987TVFKQC, Query: map[id:[01H87839RPVCVRBR7987TVFKQC]]
request: GET, URL: /v1/channel?id=01H87839RPVCVRBR7987TVFKQC, Query: map[id:[01H87839RPVCVRBR7987TVFKQC]]
request: OPTIONS, URL: /v1/workspace?id=01H8B3R70WFFPV6S944MQQPGX9, Query: map[id:[01H8B3R70WFFPV6S944MQQPGX9]]
request: GET, URL: /v1/workspace?id=01H8B3R70WFFPV6S944MQQPGX9, Query: map[id:[01H8B3R70WFFPV6S944MQQPGX9]]
request: OPTIONS, URL: /v1/join, Query: map[]
request: GET, URL: /v1/join, Query: map[]
request: GET, URL: /v1/workspace?id=01H8B3R70WFFPV6S944MQQPGX9, Query: map[id:[01H8B3R70WFFPV6S944MQQPGX9]]
request: GET, URL: /v1/workspace?id=01H8B3R70WFFPV6S944MQQPGX9, Query: map[id:[01H8B3R70WFFPV6S944MQQPGX9]]
request: OPTIONS, URL: /v1/user?id=MMXuONgPTRPMBUBNgWgTLlWMB943, Query: map[id:[MMXuONgPTRPMBUBNgWgTLlWMB943]]
request: GET, URL: /v1/user?id=MMXuONgPTRPMBUBNgWgTLlWMB943, Query: map[id:[MMXuONgPTRPMBUBNgWgTLlWMB943]]
request: OPTIONS, URL: /v1/workspace?id=01H877TY5B2AJTQ64T837P6VBQ, Query: map[id:[01H877TY5B2AJTQ64T837P6VBQ]]
request: GET, URL: /v1/workspace?id=01H877TY5B2AJTQ64T837P6VBQ, Query: map[id:[01H877TY5B2AJTQ64T837P6VBQ]]
request: OPTIONS, URL: /v1/channel?id=01H877VMG24R5QPG4ZTBBCQBKY, Query: map[id:[01H877VMG24R5QPG4ZTBBCQBKY]]
request: GET, URL: /v1/channel?id=01H877VMG24R5QPG4ZTBBCQBKY, Query: map[id:[01H877VMG24R5QPG4ZTBBCQBKY]]
request: OPTIONS, URL: /v1/join, Query: map[]
request: GET, URL: /v1/join, Query: map[]
request: OPTIONS, URL: /v1/workspace?id=01H877TY5B2AJTQ64T837P6VBQ, Query: map[id:[01H877TY5B2AJTQ64T837P6VBQ]]
request: OPTIONS, URL: /v1/channel?id=01H877VMG24R5QPG4ZTBBCQBKY, Query: map[id:[01H877VMG24R5QPG4ZTBBCQBKY]]
request: GET, URL: /v1/workspace?id=01H877TY5B2AJTQ64T837P6VBQ, Query: map[id:[01H877TY5B2AJTQ64T837P6VBQ]]
request: GET, URL: /v1/channel?id=01H877VMG24R5QPG4ZTBBCQBKY, Query: map[id:[01H877VMG24R5QPG4ZTBBCQBKY]]
request: OPTIONS, URL: /v1/user?id=MMXuONgPTRPMBUBNgWgTLlWMB943, Query: map[id:[MMXuONgPTRPMBUBNgWgTLlWMB943]]
request: GET, URL: /v1/workspace?id=01H877TY5B2AJTQ64T837P6VBQ, Query: map[id:[01H877TY5B2AJTQ64T837P6VBQ]]
request: GET, URL: /v1/user?id=MMXuONgPTRPMBUBNgWgTLlWMB943, Query: map[id:[MMXuONgPTRPMBUBNgWgTLlWMB943]]
request: OPTIONS, URL: /v1/join, Query: map[]
request: GET, URL: /v1/join, Query: map[]
request: OPTIONS, URL: /v1/workspace?id=01H877TY5B2AJTQ64T837P6VBQ, Query: map[id:[01H877TY5B2AJTQ64T837P6VBQ]]
request: OPTIONS, URL: /v1/channel?id=01H877VMG24R5QPG4ZTBBCQBKY, Query: map[id:[01H877VMG24R5QPG4ZTBBCQBKY]]
request: GET, URL: /v1/workspace?id=01H877TY5B2AJTQ64T837P6VBQ, Query: map[id:[01H877TY5B2AJTQ64T837P6VBQ]]
request: GET, URL: /v1/channel?id=01H877VMG24R5QPG4ZTBBCQBKY, Query: map[id:[01H877VMG24R5QPG4ZTBBCQBKY]]
request: OPTIONS, URL: /v1/user?id=MMXuONgPTRPMBUBNgWgTLlWMB943, Query: map[id:[MMXuONgPTRPMBUBNgWgTLlWMB943]]
request: GET, URL: /v1/workspace?id=01H877TY5B2AJTQ64T837P6VBQ, Query: map[id:[01H877TY5B2AJTQ64T837P6VBQ]]
request: GET, URL: /v1/user?id=MMXuONgPTRPMBUBNgWgTLlWMB943, Query: map[id:[MMXuONgPTRPMBUBNgWgTLlWMB943]]
request: OPTIONS, URL: /v1/join, Query: map[]
request: GET, URL: /v1/join, Query: map[]
request: OPTIONS, URL: /v1/workspace?id=01H877TY5B2AJTQ64T837P6VBQ, Query: map[id:[01H877TY5B2AJTQ64T837P6VBQ]]
request: OPTIONS, URL: /v1/channel?id=01H877VMG24R5QPG4ZTBBCQBKY, Query: map[id:[01H877VMG24R5QPG4ZTBBCQBKY]]
request: GET, URL: /v1/workspace?id=01H877TY5B2AJTQ64T837P6VBQ, Query: map[id:[01H877TY5B2AJTQ64T837P6VBQ]]
request: GET, URL: /v1/channel?id=01H877VMG24R5QPG4ZTBBCQBKY, Query: map[id:[01H877VMG24R5QPG4ZTBBCQBKY]]
request: OPTIONS, URL: /v1/user?id=MMXuONgPTRPMBUBNgWgTLlWMB943, Query: map[id:[MMXuONgPTRPMBUBNgWgTLlWMB943]]
request: GET, URL: /v1/workspace?id=01H877TY5B2AJTQ64T837P6VBQ, Query: map[id:[01H877TY5B2AJTQ64T837P6VBQ]]
request: GET, URL: /v1/user?id=MMXuONgPTRPMBUBNgWgTLlWMB943, Query: map[id:[MMXuONgPTRPMBUBNgWgTLlWMB943]]
request: OPTIONS, URL: /v1/join, Query: map[]
request: GET, URL: /v1/join, Query: map[]
request: OPTIONS, URL: /v1/workspace?id=01H877TY5B2AJTQ64T837P6VBQ, Query: map[id:[01H877TY5B2AJTQ64T837P6VBQ]]
request: OPTIONS, URL: /v1/channel?id=01H877VMG24R5QPG4ZTBBCQBKY, Query: map[id:[01H877VMG24R5QPG4ZTBBCQBKY]]
request: GET, URL: /v1/workspace?id=01H877TY5B2AJTQ64T837P6VBQ, Query: map[id:[01H877TY5B2AJTQ64T837P6VBQ]]
request: GET, URL: /v1/channel?id=01H877VMG24R5QPG4ZTBBCQBKY, Query: map[id:[01H877VMG24R5QPG4ZTBBCQBKY]]
request: OPTIONS, URL: /v1/join, Query: map[]
request: GET, URL: /v1/join, Query: map[]
request: OPTIONS, URL: /v1/workspace?id=01H877TY5B2AJTQ64T837P6VBQ, Query: map[id:[01H877TY5B2AJTQ64T837P6VBQ]]
request: OPTIONS, URL: /v1/channel?id=01H877VMG24R5QPG4ZTBBCQBKY, Query: map[id:[01H877VMG24R5QPG4ZTBBCQBKY]]
request: GET, URL: /v1/workspace?id=01H877TY5B2AJTQ64T837P6VBQ, Query: map[id:[01H877TY5B2AJTQ64T837P6VBQ]]
request: GET, URL: /v1/channel?id=01H877VMG24R5QPG4ZTBBCQBKY, Query: map[id:[01H877VMG24R5QPG4ZTBBCQBKY]]
request: OPTIONS, URL: /v1/user?id=MMXuONgPTRPMBUBNgWgTLlWMB943, Query: map[id:[MMXuONgPTRPMBUBNgWgTLlWMB943]]
request: GET, URL: /v1/workspace?id=01H877TY5B2AJTQ64T837P6VBQ, Query: map[id:[01H877TY5B2AJTQ64T837P6VBQ]]
request: GET, URL: /v1/user?id=MMXuONgPTRPMBUBNgWgTLlWMB943, Query: map[id:[MMXuONgPTRPMBUBNgWgTLlWMB943]]
request: OPTIONS, URL: /v1/channel?id=01H87839RPVCVRBR7987TVFKQC, Query: map[id:[01H87839RPVCVRBR7987TVFKQC]]
request: GET, URL: /v1/channel?id=01H87839RPVCVRBR7987TVFKQC, Query: map[id:[01H87839RPVCVRBR7987TVFKQC]]
request: OPTIONS, URL: /v1/channel?id=01H877VMG24R5QPG4ZTBBCQBKY, Query: map[id:[01H877VMG24R5QPG4ZTBBCQBKY]]
request: GET, URL: /v1/channel?id=01H877VMG24R5QPG4ZTBBCQBKY, Query: map[id:[01H877VMG24R5QPG4ZTBBCQBKY]]
request: OPTIONS, URL: /v1/statistics?type=user&id=, Query: map[id:[] type:[user]]
request: GET, URL: /v1/statistics?type=user&id=, Query: map[id:[] type:[user]]
request: OPTIONS, URL: /v1/user?id=MMXuONgPTRPMBUBNgWgTLlWMB943, Query: map[id:[MMXuONgPTRPMBUBNgWgTLlWMB943]]
request: OPTIONS, URL: /v1/statistics?type=user&id=MMXuONgPTRPMBUBNgWgTLlWMB943, Query: map[id:[MMXuONgPTRPMBUBNgWgTLlWMB943] type:[user]]
request: GET, URL: /v1/statistics?type=user&id=MMXuONgPTRPMBUBNgWgTLlWMB943, Query: map[id:[MMXuONgPTRPMBUBNgWgTLlWMB943] type:[user]]
request: GET, URL: /v1/user?id=MMXuONgPTRPMBUBNgWgTLlWMB943, Query: map[id:[MMXuONgPTRPMBUBNgWgTLlWMB943]]
[]
[{14 9} {28 199} {42 219} {57 271} {71 363} {85 395} {100 716}]
request: OPTIONS, URL: /v1/user?id=Wx00IcltW0ZMyfYZPwS6ZP0hOGv1, Query: map[id:[Wx00IcltW0ZMyfYZPwS6ZP0hOGv1]]
request: OPTIONS, URL: /v1/join, Query: map[]
request: GET, URL: /v1/join, Query: map[]
request: GET, URL: /v1/user?id=Wx00IcltW0ZMyfYZPwS6ZP0hOGv1, Query: map[id:[Wx00IcltW0ZMyfYZPwS6ZP0hOGv1]]
request: OPTIONS, URL: /v1/join, Query: map[]
request: GET, URL: /v1/join, Query: map[]
request: OPTIONS, URL: /v1/user?id=Wx00IcltW0ZMyfYZPwS6ZP0hOGv1, Query: map[id:[Wx00IcltW0ZMyfYZPwS6ZP0hOGv1]]
request: GET, URL: /v1/user?id=Wx00IcltW0ZMyfYZPwS6ZP0hOGv1, Query: map[id:[Wx00IcltW0ZMyfYZPwS6ZP0hOGv1]]
request: OPTIONS, URL: /v1/workspace?id=01H877TY5B2AJTQ64T837P6VBQ, Query: map[id:[01H877TY5B2AJTQ64T837P6VBQ]]
request: GET, URL: /v1/workspace?id=01H877TY5B2AJTQ64T837P6VBQ, Query: map[id:[01H877TY5B2AJTQ64T837P6VBQ]]
request: OPTIONS, URL: /v1/channel?id=01H877VMG24R5QPG4ZTBBCQBKY, Query: map[id:[01H877VMG24R5QPG4ZTBBCQBKY]]
request: GET, URL: /v1/channel?id=01H877VMG24R5QPG4ZTBBCQBKY, Query: map[id:[01H877VMG24R5QPG4ZTBBCQBKY]]
request: OPTIONS, URL: /v1/join, Query: map[]
request: GET, URL: /v1/join, Query: map[]
request: OPTIONS, URL: /v1/user?id=Wx00IcltW0ZMyfYZPwS6ZP0hOGv1, Query: map[id:[Wx00IcltW0ZMyfYZPwS6ZP0hOGv1]]
request: GET, URL: /v1/user?id=Wx00IcltW0ZMyfYZPwS6ZP0hOGv1, Query: map[id:[Wx00IcltW0ZMyfYZPwS6ZP0hOGv1]]
request: OPTIONS, URL: /v1/statistics?type=user&id=, Query: map[id:[] type:[user]]
request: GET, URL: /v1/statistics?type=user&id=, Query: map[id:[] type:[user]]
request: OPTIONS, URL: /v1/statistics?type=user&id=Wx00IcltW0ZMyfYZPwS6ZP0hOGv1, Query: map[id:[Wx00IcltW0ZMyfYZPwS6ZP0hOGv1] type:[user]]
request: GET, URL: /v1/user?id=Wx00IcltW0ZMyfYZPwS6ZP0hOGv1, Query: map[id:[Wx00IcltW0ZMyfYZPwS6ZP0hOGv1]]
request: GET, URL: /v1/statistics?type=user&id=Wx00IcltW0ZMyfYZPwS6ZP0hOGv1, Query: map[id:[Wx00IcltW0ZMyfYZPwS6ZP0hOGv1] type:[user]]
[]
[{100 55}]
request: OPTIONS, URL: /v1/user?id=Wx00IcltW0ZMyfYZPwS6ZP0hOGv1, Query: map[id:[Wx00IcltW0ZMyfYZPwS6ZP0hOGv1]]
request: GET, URL: /v1/user?id=Wx00IcltW0ZMyfYZPwS6ZP0hOGv1, Query: map[id:[Wx00IcltW0ZMyfYZPwS6ZP0hOGv1]]
request: OPTIONS, URL: /v1/statistics?type=user&id=, Query: map[id:[] type:[user]]
request: GET, URL: /v1/statistics?type=user&id=, Query: map[id:[] type:[user]]
[]
request: OPTIONS, URL: /v1/user?id=Wx00IcltW0ZMyfYZPwS6ZP0hOGv1, Query: map[id:[Wx00IcltW0ZMyfYZPwS6ZP0hOGv1]]
request: OPTIONS, URL: /v1/statistics?type=user&id=Wx00IcltW0ZMyfYZPwS6ZP0hOGv1, Query: map[id:[Wx00IcltW0ZMyfYZPwS6ZP0hOGv1] type:[user]]
request: GET, URL: /v1/user?id=Wx00IcltW0ZMyfYZPwS6ZP0hOGv1, Query: map[id:[Wx00IcltW0ZMyfYZPwS6ZP0hOGv1]]
request: GET, URL: /v1/statistics?type=user&id=Wx00IcltW0ZMyfYZPwS6ZP0hOGv1, Query: map[id:[Wx00IcltW0ZMyfYZPwS6ZP0hOGv1] type:[user]]
[{100 55}]
request: OPTIONS, URL: /v1/join, Query: map[]
request: GET, URL: /v1/join, Query: map[]
request: OPTIONS, URL: /v1/user?id=MMXuONgPTRPMBUBNgWgTLlWMB943, Query: map[id:[MMXuONgPTRPMBUBNgWgTLlWMB943]]
request: GET, URL: /v1/user?id=MMXuONgPTRPMBUBNgWgTLlWMB943, Query: map[id:[MMXuONgPTRPMBUBNgWgTLlWMB943]]
request: OPTIONS, URL: /v1/workspace?id=01H877TY5B2AJTQ64T837P6VBQ, Query: map[id:[01H877TY5B2AJTQ64T837P6VBQ]]
request: GET, URL: /v1/workspace?id=01H877TY5B2AJTQ64T837P6VBQ, Query: map[id:[01H877TY5B2AJTQ64T837P6VBQ]]
request: OPTIONS, URL: /v1/channel?id=01H877VMG24R5QPG4ZTBBCQBKY, Query: map[id:[01H877VMG24R5QPG4ZTBBCQBKY]]
request: GET, URL: /v1/channel?id=01H877VMG24R5QPG4ZTBBCQBKY, Query: map[id:[01H877VMG24R5QPG4ZTBBCQBKY]]
request: OPTIONS, URL: /v1/join, Query: map[]
request: GET, URL: /v1/join, Query: map[]
request: OPTIONS, URL: /v1/user?id=MMXuONgPTRPMBUBNgWgTLlWMB943, Query: map[id:[MMXuONgPTRPMBUBNgWgTLlWMB943]]
request: GET, URL: /v1/user?id=MMXuONgPTRPMBUBNgWgTLlWMB943, Query: map[id:[MMXuONgPTRPMBUBNgWgTLlWMB943]]
request: OPTIONS, URL: /v1/statistics?type=user&id=, Query: map[id:[] type:[user]]
request: GET, URL: /v1/statistics?type=user&id=, Query: map[id:[] type:[user]]
request: OPTIONS, URL: /v1/statistics?type=user&id=MMXuONgPTRPMBUBNgWgTLlWMB943, Query: map[id:[MMXuONgPTRPMBUBNgWgTLlWMB943] type:[user]]
request: GET, URL: /v1/user?id=MMXuONgPTRPMBUBNgWgTLlWMB943, Query: map[id:[MMXuONgPTRPMBUBNgWgTLlWMB943]]
request: GET, URL: /v1/statistics?type=user&id=MMXuONgPTRPMBUBNgWgTLlWMB943, Query: map[id:[MMXuONgPTRPMBUBNgWgTLlWMB943] type:[user]]
[]
[{14 9} {28 199} {42 219} {57 271} {71 363} {85 395} {100 716}]
request: OPTIONS, URL: /v1/message, Query: map[]
request: POST, URL: /v1/message, Query: map[]

request: OPTIONS, URL: /v1/channel?id=01H877VMG24R5QPG4ZTBBCQBKY, Query: map[id:[01H877VMG24R5QPG4ZTBBCQBKY]]
request: GET, URL: /v1/channel?id=01H877VMG24R5QPG4ZTBBCQBKY, Query: map[id:[01H877VMG24R5QPG4ZTBBCQBKY]]
request: OPTIONS, URL: /v1/workspace?id=01H877TY5B2AJTQ64T837P6VBQ, Query: map[id:[01H877TY5B2AJTQ64T837P6VBQ]]
request: GET, URL: /v1/workspace?id=01H877TY5B2AJTQ64T837P6VBQ, Query: map[id:[01H877TY5B2AJTQ64T837P6VBQ]]
request: OPTIONS, URL: /v1/statistics?type=user&id=, Query: map[id:[] type:[user]]
request: GET, URL: /v1/statistics?type=user&id=, Query: map[id:[] type:[user]]
[]
request: OPTIONS, URL: /v1/user?id=MMXuONgPTRPMBUBNgWgTLlWMB943, Query: map[id:[MMXuONgPTRPMBUBNgWgTLlWMB943]]
request: OPTIONS, URL: /v1/statistics?type=user&id=MMXuONgPTRPMBUBNgWgTLlWMB943, Query: map[id:[MMXuONgPTRPMBUBNgWgTLlWMB943] type:[user]]
request: GET, URL: /v1/user?id=MMXuONgPTRPMBUBNgWgTLlWMB943, Query: map[id:[MMXuONgPTRPMBUBNgWgTLlWMB943]]
request: GET, URL: /v1/statistics?type=user&id=MMXuONgPTRPMBUBNgWgTLlWMB943, Query: map[id:[MMXuONgPTRPMBUBNgWgTLlWMB943] type:[user]]
[{12 9} {25 37} {37 199} {50 219} {62 271} {75 363} {87 395} {100 716}]
